

Processing MainController#index (for 127.0.0.1 at 2010-02-27 07:16:22) [GET]
Rendering template within layouts/main
Rendering main/index
ERROR: compiling _run_erb_app47views47layouts47main46html46erb RAISED compile error
C:/Users/DOFBI/Documents/www/Simple-Blog/app/views/layouts/main.html.erb:24: syntax error, unexpected '}', expecting ']'
...ss=\"notice\">#{flash[:notice}</div>" if flash[:notice] ).to...
                              ^
C:/Users/DOFBI/Documents/www/Simple-Blog/app/views/layouts/main.html.erb:26: unknown regexp options - dv
C:/Users/DOFBI/Documents/www/Simple-Blog/app/views/layouts/main.html.erb:26: unmatched ): /div>" if flash[:notice] ).to_s); @output_buffer.concat "\n"
@output_buffer.concat "\t\t"; @output_buffer.concat(( yield ).to_s); @output_buffer.concat "\n"
@output_buffer.concat "\t</
C:/Users/DOFBI/Documents/www/Simple-Blog/app/views/layouts/main.html.erb:26: syntax error, unexpected $undefined
@output_buffer.concat "\t</div>\n"
                                ^
C:/Users/DOFBI/Documents/www/Simple-Blog/app/views/layouts/main.html.erb:27: syntax error, unexpected $undefined, expecting '}'
@output_buffer.concat "\t<div id=\"footer\">\n"
                        ^
C:/Users/DOFBI/Documents/www/Simple-Blog/app/views/layouts/main.html.erb:27: syntax error, unexpected tIDENTIFIER, expecting kDO or '{' or '('
@output_buffer.concat "\t<div id=\"footer\">\n"
                                ^
C:/Users/DOFBI/Documents/www/Simple-Blog/app/views/layouts/main.html.erb:33: syntax error, unexpected kENSURE, expecting '}'
C:/Users/DOFBI/Documents/www/Simple-Blog/app/views/layouts/main.html.erb:35: syntax error, unexpected kEND, expecting '}'
Function body:           def _run_erb_app47views47layouts47main46html46erb(local_assigns)
            old_output_buffer = output_buffer;;@output_buffer = '';  __in_erb_template=true ; @output_buffer.concat "<!DOCTYPE html PUBLIC \"-//W3C//DTD XHTML 1.0 Transitional//EN\"\n"
@output_buffer.concat "       \"http://www.w3.org/TR/xhtml1/DTD/xhtml1-transitional.dtd\">\n"
@output_buffer.concat "\n"
@output_buffer.concat "<html xmlns=\"http://www.w3.org/1999/xhtml\" xml:lang=\"en\" lang=\"en\">\n"
@output_buffer.concat "<head>\n"
@output_buffer.concat "  \t<meta name=\"author\" content=\"Mamadou Diagne\" />\n"
@output_buffer.concat "  \t<meta name=\"copyright\" content=\"Copyright 2010, www.dofbi.com\" />\n"
@output_buffer.concat "  \t<meta name=\"version\" content=\"1.0\" />\n"
@output_buffer.concat "\t<meta http-equiv=\"content-type\" content=\"text/html;charset=UTF-8\" />\n"
@output_buffer.concat "\t<meta name=\"keywords\" content=\"Simple, Blog, Genova, Dofbi, Senegal, Dakar\" />\n"
@output_buffer.concat "\t<meta name=\"description\" content=\"Un Blog simple developper en Ruby on Rails\" />\n"
@output_buffer.concat "\t<meta name=\"revisit-after\" content=\"2 days\" />\n"
@output_buffer.concat "\t<meta name=\"robots\" content=\"follow,index\" />\n"
@output_buffer.concat "\t<link rel=\"icon\" href=\"/favicon.ico\" type=\"image/x-icon\">\n"
@output_buffer.concat "\t<link rel=\"shortcut icon\" href=\"/favicon.ico\" type=\"image/x-icon\">\n"
@output_buffer.concat "  \t<title>Simple Blog"; @output_buffer.concat(( ": #{@page_title}" if @page_title ).to_s); @output_buffer.concat "</title>\n"
@output_buffer.concat "  \t"; @output_buffer.concat(( stylesheet_link_tag('sblog', 'main', :media => "all") ).to_s); @output_buffer.concat "\n"
@output_buffer.concat "</head>\n"
@output_buffer.concat "<body class=\"public\">\n"
@output_buffer.concat "\t<div id=\"header\">\n"
@output_buffer.concat "\t\t<h1>"; @output_buffer.concat(( link_to('Simple Blog','/', :style => 'text-decoration:none;color:#FFFFFF;') ).to_s); @output_buffer.concat "</h1>\n"
@output_buffer.concat "\t</div>\n"
@output_buffer.concat "\t<div id=\"pagecontent\">\n"
@output_buffer.concat "\t\t"; @output_buffer.concat(( "<div class=\"notice\">#{flash[:notice}</div>" if flash[:notice] ).to_s); @output_buffer.concat "\n"
@output_buffer.concat "\t\t"; @output_buffer.concat(( yield ).to_s); @output_buffer.concat "\n"
@output_buffer.concat "\t</div>\n"
@output_buffer.concat "\t<div id=\"footer\">\n"
@output_buffer.concat "\t\t<p>Copyright 2010, <a href=\"www.dofbi.com\">www.dofbi.com</a></p>\n"
@output_buffer.concat "\t</div>\n"
@output_buffer.concat "</body>\n"
@output_buffer.concat "</html>\n"
@output_buffer
          ensure
            self.output_buffer = old_output_buffer
          end
Backtrace: C:/Users/DOFBI/Documents/www/Simple-Blog/app/views/layouts/main.html.erb:35:in `compile!'
c:/Ruby/lib/ruby/gems/1.8/gems/actionpack-2.3.5/lib/action_view/renderable.rb:61:in `compile'
c:/Ruby/lib/ruby/gems/1.8/gems/actionpack-2.3.5/lib/action_view/renderable.rb:28:in `render'
c:/Ruby/lib/ruby/gems/1.8/gems/actionpack-2.3.5/lib/action_view/template.rb:205:in `render_template'
c:/Ruby/lib/ruby/gems/1.8/gems/actionpack-2.3.5/lib/action_view/base.rb:265:in `render'
c:/Ruby/lib/ruby/gems/1.8/gems/actionpack-2.3.5/lib/action_view/base.rb:352:in `_render_with_layout'
c:/Ruby/lib/ruby/gems/1.8/gems/actionpack-2.3.5/lib/action_view/base.rb:262:in `render'
c:/Ruby/lib/ruby/gems/1.8/gems/actionpack-2.3.5/lib/action_controller/base.rb:1250:in `render_for_file'
c:/Ruby/lib/ruby/gems/1.8/gems/actionpack-2.3.5/lib/action_controller/base.rb:945:in `render_without_benchmark'
c:/Ruby/lib/ruby/gems/1.8/gems/actionpack-2.3.5/lib/action_controller/benchmarking.rb:51:in `render'
c:/Ruby/lib/ruby/gems/1.8/gems/activesupport-2.3.5/lib/active_support/core_ext/benchmark.rb:17:in `ms'
c:/Ruby/lib/ruby/gems/1.8/gems/activesupport-2.3.5/lib/active_support/core_ext/benchmark.rb:10:in `realtime'
c:/Ruby/lib/ruby/gems/1.8/gems/activesupport-2.3.5/lib/active_support/core_ext/benchmark.rb:17:in `ms'
c:/Ruby/lib/ruby/gems/1.8/gems/actionpack-2.3.5/lib/action_controller/benchmarking.rb:51:in `render'
c:/Ruby/lib/ruby/gems/1.8/gems/actionpack-2.3.5/lib/action_controller/base.rb:1326:in `default_render'
c:/Ruby/lib/ruby/gems/1.8/gems/actionpack-2.3.5/lib/action_controller/base.rb:1332:in `perform_action_without_filters'
c:/Ruby/lib/ruby/gems/1.8/gems/actionpack-2.3.5/lib/action_controller/filters.rb:617:in `call_filters'
c:/Ruby/lib/ruby/gems/1.8/gems/actionpack-2.3.5/lib/action_controller/filters.rb:610:in `perform_action_without_benchmark'
c:/Ruby/lib/ruby/gems/1.8/gems/actionpack-2.3.5/lib/action_controller/benchmarking.rb:68:in `perform_action_without_rescue'
c:/Ruby/lib/ruby/gems/1.8/gems/activesupport-2.3.5/lib/active_support/core_ext/benchmark.rb:17:in `ms'
c:/Ruby/lib/ruby/gems/1.8/gems/activesupport-2.3.5/lib/active_support/core_ext/benchmark.rb:10:in `realtime'
c:/Ruby/lib/ruby/gems/1.8/gems/activesupport-2.3.5/lib/active_support/core_ext/benchmark.rb:17:in `ms'
c:/Ruby/lib/ruby/gems/1.8/gems/actionpack-2.3.5/lib/action_controller/benchmarking.rb:68:in `perform_action_without_rescue'
c:/Ruby/lib/ruby/gems/1.8/gems/actionpack-2.3.5/lib/action_controller/rescue.rb:160:in `perform_action_without_flash'
c:/Ruby/lib/ruby/gems/1.8/gems/actionpack-2.3.5/lib/action_controller/flash.rb:146:in `perform_action'
c:/Ruby/lib/ruby/gems/1.8/gems/actionpack-2.3.5/lib/action_controller/base.rb:532:in `send'
c:/Ruby/lib/ruby/gems/1.8/gems/actionpack-2.3.5/lib/action_controller/base.rb:532:in `process_without_filters'
c:/Ruby/lib/ruby/gems/1.8/gems/actionpack-2.3.5/lib/action_controller/filters.rb:606:in `process'
c:/Ruby/lib/ruby/gems/1.8/gems/actionpack-2.3.5/lib/action_controller/base.rb:391:in `process'
c:/Ruby/lib/ruby/gems/1.8/gems/actionpack-2.3.5/lib/action_controller/base.rb:386:in `call'
c:/Ruby/lib/ruby/gems/1.8/gems/actionpack-2.3.5/lib/action_controller/routing/route_set.rb:437:in `call'
c:/Ruby/lib/ruby/gems/1.8/gems/actionpack-2.3.5/lib/action_controller/dispatcher.rb:87:in `dispatch'
c:/Ruby/lib/ruby/gems/1.8/gems/actionpack-2.3.5/lib/action_controller/dispatcher.rb:121:in `_call'
c:/Ruby/lib/ruby/gems/1.8/gems/actionpack-2.3.5/lib/action_controller/dispatcher.rb:130:in `build_middleware_stack'
c:/Ruby/lib/ruby/gems/1.8/gems/activerecord-2.3.5/lib/active_record/query_cache.rb:29:in `call'
c:/Ruby/lib/ruby/gems/1.8/gems/activerecord-2.3.5/lib/active_record/query_cache.rb:29:in `call'
c:/Ruby/lib/ruby/gems/1.8/gems/activerecord-2.3.5/lib/active_record/connection_adapters/abstract/query_cache.rb:34:in `cache'
c:/Ruby/lib/ruby/gems/1.8/gems/activerecord-2.3.5/lib/active_record/query_cache.rb:9:in `cache'
c:/Ruby/lib/ruby/gems/1.8/gems/activerecord-2.3.5/lib/active_record/query_cache.rb:28:in `call'
c:/Ruby/lib/ruby/gems/1.8/gems/activerecord-2.3.5/lib/active_record/connection_adapters/abstract/connection_pool.rb:361:in `call'
c:/Ruby/lib/ruby/gems/1.8/gems/actionpack-2.3.5/lib/action_controller/string_coercion.rb:25:in `call'
c:/Ruby/lib/ruby/gems/1.8/gems/rack-1.0.1/lib/rack/head.rb:9:in `call'
c:/Ruby/lib/ruby/gems/1.8/gems/rack-1.0.1/lib/rack/methodoverride.rb:24:in `call'
c:/Ruby/lib/ruby/gems/1.8/gems/actionpack-2.3.5/lib/action_controller/params_parser.rb:15:in `call'
c:/Ruby/lib/ruby/gems/1.8/gems/actionpack-2.3.5/lib/action_controller/session/cookie_store.rb:93:in `call'
c:/Ruby/lib/ruby/gems/1.8/gems/actionpack-2.3.5/lib/action_controller/failsafe.rb:26:in `call'
c:/Ruby/lib/ruby/gems/1.8/gems/rack-1.0.1/lib/rack/lock.rb:11:in `call'
c:/Ruby/lib/ruby/gems/1.8/gems/rack-1.0.1/lib/rack/lock.rb:11:in `synchronize'
c:/Ruby/lib/ruby/gems/1.8/gems/rack-1.0.1/lib/rack/lock.rb:11:in `call'
c:/Ruby/lib/ruby/gems/1.8/gems/actionpack-2.3.5/lib/action_controller/dispatcher.rb:114:in `call'
c:/Ruby/lib/ruby/gems/1.8/gems/actionpack-2.3.5/lib/action_controller/reloader.rb:34:in `run'
c:/Ruby/lib/ruby/gems/1.8/gems/actionpack-2.3.5/lib/action_controller/dispatcher.rb:108:in `call'
c:/Ruby/lib/ruby/gems/1.8/gems/rails-2.3.5/lib/rails/rack/static.rb:31:in `call'
c:/Ruby/lib/ruby/gems/1.8/gems/rack-1.0.1/lib/rack/urlmap.rb:46:in `call'
c:/Ruby/lib/ruby/gems/1.8/gems/rack-1.0.1/lib/rack/urlmap.rb:40:in `each'
c:/Ruby/lib/ruby/gems/1.8/gems/rack-1.0.1/lib/rack/urlmap.rb:40:in `call'
c:/Ruby/lib/ruby/gems/1.8/gems/rails-2.3.5/lib/rails/rack/log_tailer.rb:17:in `call'
c:/Ruby/lib/ruby/gems/1.8/gems/rack-1.0.1/lib/rack/content_length.rb:13:in `call'
c:/Ruby/lib/ruby/gems/1.8/gems/rack-1.0.1/lib/rack/handler/webrick.rb:50:in `service'
c:/Ruby/lib/ruby/1.8/webrick/httpserver.rb:104:in `service'
c:/Ruby/lib/ruby/1.8/webrick/httpserver.rb:65:in `run'
c:/Ruby/lib/ruby/1.8/webrick/server.rb:173:in `start_thread'
c:/Ruby/lib/ruby/1.8/webrick/server.rb:162:in `start'
c:/Ruby/lib/ruby/1.8/webrick/server.rb:162:in `start_thread'
c:/Ruby/lib/ruby/1.8/webrick/server.rb:95:in `start'
c:/Ruby/lib/ruby/1.8/webrick/server.rb:92:in `each'
c:/Ruby/lib/ruby/1.8/webrick/server.rb:92:in `start'
c:/Ruby/lib/ruby/1.8/webrick/server.rb:23:in `start'
c:/Ruby/lib/ruby/1.8/webrick/server.rb:82:in `start'
c:/Ruby/lib/ruby/gems/1.8/gems/rack-1.0.1/lib/rack/handler/webrick.rb:14:in `run'
c:/Ruby/lib/ruby/gems/1.8/gems/rails-2.3.5/lib/commands/server.rb:111
c:/Ruby/lib/ruby/site_ruby/1.8/rubygems/custom_require.rb:31:in `gem_original_require'
c:/Ruby/lib/ruby/site_ruby/1.8/rubygems/custom_require.rb:31:in `require'
script/server:3

ActionView::TemplateError (compile error
C:/Users/DOFBI/Documents/www/Simple-Blog/app/views/layouts/main.html.erb:24: syntax error, unexpected '}', expecting ']'
...ss=\"notice\">#{flash[:notice}</div>" if flash[:notice] ).to...
                              ^
C:/Users/DOFBI/Documents/www/Simple-Blog/app/views/layouts/main.html.erb:26: unknown regexp options - dv
C:/Users/DOFBI/Documents/www/Simple-Blog/app/views/layouts/main.html.erb:26: unmatched ): /div>" if flash[:notice] ).to_s); @output_buffer.concat "\n"
@output_buffer.concat "\t\t"; @output_buffer.concat(( yield ).to_s); @output_buffer.concat "\n"
@output_buffer.concat "\t</
C:/Users/DOFBI/Documents/www/Simple-Blog/app/views/layouts/main.html.erb:26: syntax error, unexpected $undefined
@output_buffer.concat "\t</div>\n"
                                ^
C:/Users/DOFBI/Documents/www/Simple-Blog/app/views/layouts/main.html.erb:27: syntax error, unexpected $undefined, expecting '}'
@output_buffer.concat "\t<div id=\"footer\">\n"
                        ^
C:/Users/DOFBI/Documents/www/Simple-Blog/app/views/layouts/main.html.erb:27: syntax error, unexpected tIDENTIFIER, expecting kDO or '{' or '('
@output_buffer.concat "\t<div id=\"footer\">\n"
                                ^
C:/Users/DOFBI/Documents/www/Simple-Blog/app/views/layouts/main.html.erb:33: syntax error, unexpected kENSURE, expecting '}'
C:/Users/DOFBI/Documents/www/Simple-Blog/app/views/layouts/main.html.erb:35: syntax error, unexpected kEND, expecting '}') on line #24 of app/views/layouts/main.html.erb:
21: 		<h1><%= link_to('Simple Blog','/', :style => 'text-decoration:none;color:#FFFFFF;') %></h1>
22: 	</div>
23: 	<div id="pagecontent">
24: 		<%= "<div class=\"notice\">#{flash[:notice}</div>" if flash[:notice] %>
25: 		<%= yield %>
26: 	</div>
27: 	<div id="footer">

    app/views/layouts/main.html.erb:35:in `compile!'
    c:/Ruby/lib/ruby/1.8/webrick/httpserver.rb:104:in `service'
    c:/Ruby/lib/ruby/1.8/webrick/httpserver.rb:65:in `run'
    c:/Ruby/lib/ruby/1.8/webrick/server.rb:173:in `start_thread'
    c:/Ruby/lib/ruby/1.8/webrick/server.rb:162:in `start'
    c:/Ruby/lib/ruby/1.8/webrick/server.rb:162:in `start_thread'
    c:/Ruby/lib/ruby/1.8/webrick/server.rb:95:in `start'
    c:/Ruby/lib/ruby/1.8/webrick/server.rb:92:in `each'
    c:/Ruby/lib/ruby/1.8/webrick/server.rb:92:in `start'
    c:/Ruby/lib/ruby/1.8/webrick/server.rb:23:in `start'
    c:/Ruby/lib/ruby/1.8/webrick/server.rb:82:in `start'

Rendered rescues/_trace (92.0ms)
Rendered rescues/_request_and_response (4.0ms)
Rendering rescues/layout (internal_server_error)


Processing StaffController#index (for 127.0.0.1 at 2010-02-27 07:16:58) [GET]
Rendering template within layouts/staff
Rendering staff/index
ERROR: compiling _run_erb_app47views47layouts47staff46html46erb RAISED compile error
C:/Users/DOFBI/Documents/www/Simple-Blog/app/views/layouts/staff.html.erb:19: syntax error, unexpected '}', expecting ']'
...ss=\"notice\">#{flash[:notice}</div>" if flash[:notice] ).to...
                              ^
C:/Users/DOFBI/Documents/www/Simple-Blog/app/views/layouts/staff.html.erb:21: unknown regexp options - dv
C:/Users/DOFBI/Documents/www/Simple-Blog/app/views/layouts/staff.html.erb:21: unmatched ): /div>" if flash[:notice] ).to_s); @output_buffer.concat "\n"
@output_buffer.concat "\t\t"; @output_buffer.concat(( yield ).to_s); @output_buffer.concat "\n"
@output_buffer.concat "\t</
C:/Users/DOFBI/Documents/www/Simple-Blog/app/views/layouts/staff.html.erb:21: syntax error, unexpected $undefined
@output_buffer.concat "\t</div>\n"
                                ^
C:/Users/DOFBI/Documents/www/Simple-Blog/app/views/layouts/staff.html.erb:22: syntax error, unexpected $undefined, expecting '}'
@output_buffer.concat "\t<div id=\"footer\">\n"
                        ^
C:/Users/DOFBI/Documents/www/Simple-Blog/app/views/layouts/staff.html.erb:22: syntax error, unexpected tIDENTIFIER, expecting kDO or '{' or '('
@output_buffer.concat "\t<div id=\"footer\">\n"
                                ^
C:/Users/DOFBI/Documents/www/Simple-Blog/app/views/layouts/staff.html.erb:28: syntax error, unexpected kENSURE, expecting '}'
C:/Users/DOFBI/Documents/www/Simple-Blog/app/views/layouts/staff.html.erb:30: syntax error, unexpected kEND, expecting '}'
Function body:           def _run_erb_app47views47layouts47staff46html46erb(local_assigns)
            old_output_buffer = output_buffer;;@output_buffer = '';  __in_erb_template=true ; @output_buffer.concat "<!DOCTYPE html PUBLIC \"-//W3C//DTD XHTML 1.0 Transitional//EN\"\n"
@output_buffer.concat "       \"http://www.w3.org/TR/xhtml1/DTD/xhtml1-transitional.dtd\">\n"
@output_buffer.concat "\n"
@output_buffer.concat "<html xmlns=\"http://www.w3.org/1999/xhtml\" xml:lang=\"en\" lang=\"en\">\n"
@output_buffer.concat "<head>\n"
@output_buffer.concat "  \t<meta name=\"author\" content=\"Mamadou Diagne\" />\n"
@output_buffer.concat "  \t<meta name=\"copyright\" content=\"Copyright 2010, www.dofbi.com\" />\n"
@output_buffer.concat "  \t<meta name=\"version\" content=\"1.0\" />\n"
@output_buffer.concat "\t<meta http-equiv=\"content-type\" content=\"text/html;charset=UTF-8\" />\n"
@output_buffer.concat "  \t<title>Simple Blog: "; @output_buffer.concat(( @page_title ||= 'Partie Administrateur' ).to_s); @output_buffer.concat "</title>\n"
@output_buffer.concat "  \t"; @output_buffer.concat(( stylesheet_link_tag('sblog', 'scaffold', :media => "all") ).to_s); @output_buffer.concat "\n"
@output_buffer.concat "</head>\n"
@output_buffer.concat "<body class=\"staff\">\n"
@output_buffer.concat "\t<div id=\"header\">\n"
@output_buffer.concat "\t\t<h1>Simple Blog: Partie Administrateur</h1>\n"
@output_buffer.concat "\t</div>\n"
@output_buffer.concat "\t<div id=\"pagecontent\">\n"
@output_buffer.concat "\t\t<h1>"; @output_buffer.concat(( @page_title ).to_s); @output_buffer.concat "</h1>\n"
@output_buffer.concat "\t\t"; @output_buffer.concat(( "<div class=\"notice\">#{flash[:notice}</div>" if flash[:notice] ).to_s); @output_buffer.concat "\n"
@output_buffer.concat "\t\t"; @output_buffer.concat(( yield ).to_s); @output_buffer.concat "\n"
@output_buffer.concat "\t</div>\n"
@output_buffer.concat "\t<div id=\"footer\">\n"
@output_buffer.concat "\t\t<p>Copyright 2010, <a href=\"www.dofbi.com\">www.dofbi.com</a></p>\n"
@output_buffer.concat "\t</div>\n"
@output_buffer.concat "</body>\n"
@output_buffer.concat "</html>\n"
@output_buffer
          ensure
            self.output_buffer = old_output_buffer
          end
Backtrace: C:/Users/DOFBI/Documents/www/Simple-Blog/app/views/layouts/staff.html.erb:30:in `compile!'
c:/Ruby/lib/ruby/gems/1.8/gems/actionpack-2.3.5/lib/action_view/renderable.rb:61:in `compile'
c:/Ruby/lib/ruby/gems/1.8/gems/actionpack-2.3.5/lib/action_view/renderable.rb:28:in `render'
c:/Ruby/lib/ruby/gems/1.8/gems/actionpack-2.3.5/lib/action_view/template.rb:205:in `render_template'
c:/Ruby/lib/ruby/gems/1.8/gems/actionpack-2.3.5/lib/action_view/base.rb:265:in `render'
c:/Ruby/lib/ruby/gems/1.8/gems/actionpack-2.3.5/lib/action_view/base.rb:352:in `_render_with_layout'
c:/Ruby/lib/ruby/gems/1.8/gems/actionpack-2.3.5/lib/action_view/base.rb:262:in `render'
c:/Ruby/lib/ruby/gems/1.8/gems/actionpack-2.3.5/lib/action_controller/base.rb:1250:in `render_for_file'
c:/Ruby/lib/ruby/gems/1.8/gems/actionpack-2.3.5/lib/action_controller/base.rb:945:in `render_without_benchmark'
c:/Ruby/lib/ruby/gems/1.8/gems/actionpack-2.3.5/lib/action_controller/benchmarking.rb:51:in `render'
c:/Ruby/lib/ruby/gems/1.8/gems/activesupport-2.3.5/lib/active_support/core_ext/benchmark.rb:17:in `ms'
c:/Ruby/lib/ruby/gems/1.8/gems/activesupport-2.3.5/lib/active_support/core_ext/benchmark.rb:10:in `realtime'
c:/Ruby/lib/ruby/gems/1.8/gems/activesupport-2.3.5/lib/active_support/core_ext/benchmark.rb:17:in `ms'
c:/Ruby/lib/ruby/gems/1.8/gems/actionpack-2.3.5/lib/action_controller/benchmarking.rb:51:in `render'
c:/Ruby/lib/ruby/gems/1.8/gems/actionpack-2.3.5/lib/action_controller/base.rb:1326:in `default_render'
c:/Ruby/lib/ruby/gems/1.8/gems/actionpack-2.3.5/lib/action_controller/base.rb:1332:in `perform_action_without_filters'
c:/Ruby/lib/ruby/gems/1.8/gems/actionpack-2.3.5/lib/action_controller/filters.rb:617:in `call_filters'
c:/Ruby/lib/ruby/gems/1.8/gems/actionpack-2.3.5/lib/action_controller/filters.rb:610:in `perform_action_without_benchmark'
c:/Ruby/lib/ruby/gems/1.8/gems/actionpack-2.3.5/lib/action_controller/benchmarking.rb:68:in `perform_action_without_rescue'
c:/Ruby/lib/ruby/gems/1.8/gems/activesupport-2.3.5/lib/active_support/core_ext/benchmark.rb:17:in `ms'
c:/Ruby/lib/ruby/gems/1.8/gems/activesupport-2.3.5/lib/active_support/core_ext/benchmark.rb:10:in `realtime'
c:/Ruby/lib/ruby/gems/1.8/gems/activesupport-2.3.5/lib/active_support/core_ext/benchmark.rb:17:in `ms'
c:/Ruby/lib/ruby/gems/1.8/gems/actionpack-2.3.5/lib/action_controller/benchmarking.rb:68:in `perform_action_without_rescue'
c:/Ruby/lib/ruby/gems/1.8/gems/actionpack-2.3.5/lib/action_controller/rescue.rb:160:in `perform_action_without_flash'
c:/Ruby/lib/ruby/gems/1.8/gems/actionpack-2.3.5/lib/action_controller/flash.rb:146:in `perform_action'
c:/Ruby/lib/ruby/gems/1.8/gems/actionpack-2.3.5/lib/action_controller/base.rb:532:in `send'
c:/Ruby/lib/ruby/gems/1.8/gems/actionpack-2.3.5/lib/action_controller/base.rb:532:in `process_without_filters'
c:/Ruby/lib/ruby/gems/1.8/gems/actionpack-2.3.5/lib/action_controller/filters.rb:606:in `process'
c:/Ruby/lib/ruby/gems/1.8/gems/actionpack-2.3.5/lib/action_controller/base.rb:391:in `process'
c:/Ruby/lib/ruby/gems/1.8/gems/actionpack-2.3.5/lib/action_controller/base.rb:386:in `call'
c:/Ruby/lib/ruby/gems/1.8/gems/actionpack-2.3.5/lib/action_controller/routing/route_set.rb:437:in `call'
c:/Ruby/lib/ruby/gems/1.8/gems/actionpack-2.3.5/lib/action_controller/dispatcher.rb:87:in `dispatch'
c:/Ruby/lib/ruby/gems/1.8/gems/actionpack-2.3.5/lib/action_controller/dispatcher.rb:121:in `_call'
c:/Ruby/lib/ruby/gems/1.8/gems/actionpack-2.3.5/lib/action_controller/dispatcher.rb:130:in `build_middleware_stack'
c:/Ruby/lib/ruby/gems/1.8/gems/activerecord-2.3.5/lib/active_record/query_cache.rb:29:in `call'
c:/Ruby/lib/ruby/gems/1.8/gems/activerecord-2.3.5/lib/active_record/query_cache.rb:29:in `call'
c:/Ruby/lib/ruby/gems/1.8/gems/activerecord-2.3.5/lib/active_record/connection_adapters/abstract/query_cache.rb:34:in `cache'
c:/Ruby/lib/ruby/gems/1.8/gems/activerecord-2.3.5/lib/active_record/query_cache.rb:9:in `cache'
c:/Ruby/lib/ruby/gems/1.8/gems/activerecord-2.3.5/lib/active_record/query_cache.rb:28:in `call'
c:/Ruby/lib/ruby/gems/1.8/gems/activerecord-2.3.5/lib/active_record/connection_adapters/abstract/connection_pool.rb:361:in `call'
c:/Ruby/lib/ruby/gems/1.8/gems/actionpack-2.3.5/lib/action_controller/string_coercion.rb:25:in `call'
c:/Ruby/lib/ruby/gems/1.8/gems/rack-1.0.1/lib/rack/head.rb:9:in `call'
c:/Ruby/lib/ruby/gems/1.8/gems/rack-1.0.1/lib/rack/methodoverride.rb:24:in `call'
c:/Ruby/lib/ruby/gems/1.8/gems/actionpack-2.3.5/lib/action_controller/params_parser.rb:15:in `call'
c:/Ruby/lib/ruby/gems/1.8/gems/actionpack-2.3.5/lib/action_controller/session/cookie_store.rb:93:in `call'
c:/Ruby/lib/ruby/gems/1.8/gems/actionpack-2.3.5/lib/action_controller/failsafe.rb:26:in `call'
c:/Ruby/lib/ruby/gems/1.8/gems/rack-1.0.1/lib/rack/lock.rb:11:in `call'
c:/Ruby/lib/ruby/gems/1.8/gems/rack-1.0.1/lib/rack/lock.rb:11:in `synchronize'
c:/Ruby/lib/ruby/gems/1.8/gems/rack-1.0.1/lib/rack/lock.rb:11:in `call'
c:/Ruby/lib/ruby/gems/1.8/gems/actionpack-2.3.5/lib/action_controller/dispatcher.rb:114:in `call'
c:/Ruby/lib/ruby/gems/1.8/gems/actionpack-2.3.5/lib/action_controller/reloader.rb:34:in `run'
c:/Ruby/lib/ruby/gems/1.8/gems/actionpack-2.3.5/lib/action_controller/dispatcher.rb:108:in `call'
c:/Ruby/lib/ruby/gems/1.8/gems/rails-2.3.5/lib/rails/rack/static.rb:31:in `call'
c:/Ruby/lib/ruby/gems/1.8/gems/rack-1.0.1/lib/rack/urlmap.rb:46:in `call'
c:/Ruby/lib/ruby/gems/1.8/gems/rack-1.0.1/lib/rack/urlmap.rb:40:in `each'
c:/Ruby/lib/ruby/gems/1.8/gems/rack-1.0.1/lib/rack/urlmap.rb:40:in `call'
c:/Ruby/lib/ruby/gems/1.8/gems/rails-2.3.5/lib/rails/rack/log_tailer.rb:17:in `call'
c:/Ruby/lib/ruby/gems/1.8/gems/rack-1.0.1/lib/rack/content_length.rb:13:in `call'
c:/Ruby/lib/ruby/gems/1.8/gems/rack-1.0.1/lib/rack/handler/webrick.rb:50:in `service'
c:/Ruby/lib/ruby/1.8/webrick/httpserver.rb:104:in `service'
c:/Ruby/lib/ruby/1.8/webrick/httpserver.rb:65:in `run'
c:/Ruby/lib/ruby/1.8/webrick/server.rb:173:in `start_thread'
c:/Ruby/lib/ruby/1.8/webrick/server.rb:162:in `start'
c:/Ruby/lib/ruby/1.8/webrick/server.rb:162:in `start_thread'
c:/Ruby/lib/ruby/1.8/webrick/server.rb:95:in `start'
c:/Ruby/lib/ruby/1.8/webrick/server.rb:92:in `each'
c:/Ruby/lib/ruby/1.8/webrick/server.rb:92:in `start'
c:/Ruby/lib/ruby/1.8/webrick/server.rb:23:in `start'
c:/Ruby/lib/ruby/1.8/webrick/server.rb:82:in `start'
c:/Ruby/lib/ruby/gems/1.8/gems/rack-1.0.1/lib/rack/handler/webrick.rb:14:in `run'
c:/Ruby/lib/ruby/gems/1.8/gems/rails-2.3.5/lib/commands/server.rb:111
c:/Ruby/lib/ruby/site_ruby/1.8/rubygems/custom_require.rb:31:in `gem_original_require'
c:/Ruby/lib/ruby/site_ruby/1.8/rubygems/custom_require.rb:31:in `require'
script/server:3

ActionView::TemplateError (compile error
C:/Users/DOFBI/Documents/www/Simple-Blog/app/views/layouts/staff.html.erb:19: syntax error, unexpected '}', expecting ']'
...ss=\"notice\">#{flash[:notice}</div>" if flash[:notice] ).to...
                              ^
C:/Users/DOFBI/Documents/www/Simple-Blog/app/views/layouts/staff.html.erb:21: unknown regexp options - dv
C:/Users/DOFBI/Documents/www/Simple-Blog/app/views/layouts/staff.html.erb:21: unmatched ): /div>" if flash[:notice] ).to_s); @output_buffer.concat "\n"
@output_buffer.concat "\t\t"; @output_buffer.concat(( yield ).to_s); @output_buffer.concat "\n"
@output_buffer.concat "\t</
C:/Users/DOFBI/Documents/www/Simple-Blog/app/views/layouts/staff.html.erb:21: syntax error, unexpected $undefined
@output_buffer.concat "\t</div>\n"
                                ^
C:/Users/DOFBI/Documents/www/Simple-Blog/app/views/layouts/staff.html.erb:22: syntax error, unexpected $undefined, expecting '}'
@output_buffer.concat "\t<div id=\"footer\">\n"
                        ^
C:/Users/DOFBI/Documents/www/Simple-Blog/app/views/layouts/staff.html.erb:22: syntax error, unexpected tIDENTIFIER, expecting kDO or '{' or '('
@output_buffer.concat "\t<div id=\"footer\">\n"
                                ^
C:/Users/DOFBI/Documents/www/Simple-Blog/app/views/layouts/staff.html.erb:28: syntax error, unexpected kENSURE, expecting '}'
C:/Users/DOFBI/Documents/www/Simple-Blog/app/views/layouts/staff.html.erb:30: syntax error, unexpected kEND, expecting '}') on line #19 of app/views/layouts/staff.html.erb:
16: 	</div>
17: 	<div id="pagecontent">
18: 		<h1><%= @page_title %></h1>
19: 		<%= "<div class=\"notice\">#{flash[:notice}</div>" if flash[:notice] %>
20: 		<%= yield %>
21: 	</div>
22: 	<div id="footer">

    app/views/layouts/staff.html.erb:30:in `compile!'
    c:/Ruby/lib/ruby/1.8/webrick/httpserver.rb:104:in `service'
    c:/Ruby/lib/ruby/1.8/webrick/httpserver.rb:65:in `run'
    c:/Ruby/lib/ruby/1.8/webrick/server.rb:173:in `start_thread'
    c:/Ruby/lib/ruby/1.8/webrick/server.rb:162:in `start'
    c:/Ruby/lib/ruby/1.8/webrick/server.rb:162:in `start_thread'
    c:/Ruby/lib/ruby/1.8/webrick/server.rb:95:in `start'
    c:/Ruby/lib/ruby/1.8/webrick/server.rb:92:in `each'
    c:/Ruby/lib/ruby/1.8/webrick/server.rb:92:in `start'
    c:/Ruby/lib/ruby/1.8/webrick/server.rb:23:in `start'
    c:/Ruby/lib/ruby/1.8/webrick/server.rb:82:in `start'

Rendered rescues/_trace (84.0ms)
Rendered rescues/_request_and_response (1.0ms)
Rendering rescues/layout (internal_server_error)


Processing MainController#index (for 127.0.0.1 at 2010-02-27 07:17:08) [GET]
Rendering template within layouts/main
Rendering main/index
ERROR: compiling _run_erb_app47views47layouts47main46html46erb RAISED compile error
C:/Users/DOFBI/Documents/www/Simple-Blog/app/views/layouts/main.html.erb:24: syntax error, unexpected '}', expecting ']'
...ss=\"notice\">#{flash[:notice}</div>" if flash[:notice] ).to...
                              ^
C:/Users/DOFBI/Documents/www/Simple-Blog/app/views/layouts/main.html.erb:26: unknown regexp options - dv
C:/Users/DOFBI/Documents/www/Simple-Blog/app/views/layouts/main.html.erb:26: unmatched ): /div>" if flash[:notice] ).to_s); @output_buffer.concat "\n"
@output_buffer.concat "\t\t"; @output_buffer.concat(( yield ).to_s); @output_buffer.concat "\n"
@output_buffer.concat "\t</
C:/Users/DOFBI/Documents/www/Simple-Blog/app/views/layouts/main.html.erb:26: syntax error, unexpected $undefined
@output_buffer.concat "\t</div>\n"
                                ^
C:/Users/DOFBI/Documents/www/Simple-Blog/app/views/layouts/main.html.erb:27: syntax error, unexpected $undefined, expecting '}'
@output_buffer.concat "\t<div id=\"footer\">\n"
                        ^
C:/Users/DOFBI/Documents/www/Simple-Blog/app/views/layouts/main.html.erb:27: syntax error, unexpected tIDENTIFIER, expecting kDO or '{' or '('
@output_buffer.concat "\t<div id=\"footer\">\n"
                                ^
C:/Users/DOFBI/Documents/www/Simple-Blog/app/views/layouts/main.html.erb:33: syntax error, unexpected kENSURE, expecting '}'
C:/Users/DOFBI/Documents/www/Simple-Blog/app/views/layouts/main.html.erb:35: syntax error, unexpected kEND, expecting '}'
Function body:           def _run_erb_app47views47layouts47main46html46erb(local_assigns)
            old_output_buffer = output_buffer;;@output_buffer = '';  __in_erb_template=true ; @output_buffer.concat "<!DOCTYPE html PUBLIC \"-//W3C//DTD XHTML 1.0 Transitional//EN\"\n"
@output_buffer.concat "       \"http://www.w3.org/TR/xhtml1/DTD/xhtml1-transitional.dtd\">\n"
@output_buffer.concat "\n"
@output_buffer.concat "<html xmlns=\"http://www.w3.org/1999/xhtml\" xml:lang=\"en\" lang=\"en\">\n"
@output_buffer.concat "<head>\n"
@output_buffer.concat "  \t<meta name=\"author\" content=\"Mamadou Diagne\" />\n"
@output_buffer.concat "  \t<meta name=\"copyright\" content=\"Copyright 2010, www.dofbi.com\" />\n"
@output_buffer.concat "  \t<meta name=\"version\" content=\"1.0\" />\n"
@output_buffer.concat "\t<meta http-equiv=\"content-type\" content=\"text/html;charset=UTF-8\" />\n"
@output_buffer.concat "\t<meta name=\"keywords\" content=\"Simple, Blog, Genova, Dofbi, Senegal, Dakar\" />\n"
@output_buffer.concat "\t<meta name=\"description\" content=\"Un Blog simple developper en Ruby on Rails\" />\n"
@output_buffer.concat "\t<meta name=\"revisit-after\" content=\"2 days\" />\n"
@output_buffer.concat "\t<meta name=\"robots\" content=\"follow,index\" />\n"
@output_buffer.concat "\t<link rel=\"icon\" href=\"/favicon.ico\" type=\"image/x-icon\">\n"
@output_buffer.concat "\t<link rel=\"shortcut icon\" href=\"/favicon.ico\" type=\"image/x-icon\">\n"
@output_buffer.concat "  \t<title>Simple Blog"; @output_buffer.concat(( ": #{@page_title}" if @page_title ).to_s); @output_buffer.concat "</title>\n"
@output_buffer.concat "  \t"; @output_buffer.concat(( stylesheet_link_tag('sblog', 'main', :media => "all") ).to_s); @output_buffer.concat "\n"
@output_buffer.concat "</head>\n"
@output_buffer.concat "<body class=\"public\">\n"
@output_buffer.concat "\t<div id=\"header\">\n"
@output_buffer.concat "\t\t<h1>"; @output_buffer.concat(( link_to('Simple Blog','/', :style => 'text-decoration:none;color:#FFFFFF;') ).to_s); @output_buffer.concat "</h1>\n"
@output_buffer.concat "\t</div>\n"
@output_buffer.concat "\t<div id=\"pagecontent\">\n"
@output_buffer.concat "\t\t"; @output_buffer.concat(( "<div class=\"notice\">#{flash[:notice}</div>" if flash[:notice] ).to_s); @output_buffer.concat "\n"
@output_buffer.concat "\t\t"; @output_buffer.concat(( yield ).to_s); @output_buffer.concat "\n"
@output_buffer.concat "\t</div>\n"
@output_buffer.concat "\t<div id=\"footer\">\n"
@output_buffer.concat "\t\t<p>Copyright 2010, <a href=\"www.dofbi.com\">www.dofbi.com</a></p>\n"
@output_buffer.concat "\t</div>\n"
@output_buffer.concat "</body>\n"
@output_buffer.concat "</html>\n"
@output_buffer
          ensure
            self.output_buffer = old_output_buffer
          end
Backtrace: C:/Users/DOFBI/Documents/www/Simple-Blog/app/views/layouts/main.html.erb:35:in `compile!'
c:/Ruby/lib/ruby/gems/1.8/gems/actionpack-2.3.5/lib/action_view/renderable.rb:61:in `compile'
c:/Ruby/lib/ruby/gems/1.8/gems/actionpack-2.3.5/lib/action_view/renderable.rb:28:in `render'
c:/Ruby/lib/ruby/gems/1.8/gems/actionpack-2.3.5/lib/action_view/template.rb:205:in `render_template'
c:/Ruby/lib/ruby/gems/1.8/gems/actionpack-2.3.5/lib/action_view/base.rb:265:in `render'
c:/Ruby/lib/ruby/gems/1.8/gems/actionpack-2.3.5/lib/action_view/base.rb:352:in `_render_with_layout'
c:/Ruby/lib/ruby/gems/1.8/gems/actionpack-2.3.5/lib/action_view/base.rb:262:in `render'
c:/Ruby/lib/ruby/gems/1.8/gems/actionpack-2.3.5/lib/action_controller/base.rb:1250:in `render_for_file'
c:/Ruby/lib/ruby/gems/1.8/gems/actionpack-2.3.5/lib/action_controller/base.rb:945:in `render_without_benchmark'
c:/Ruby/lib/ruby/gems/1.8/gems/actionpack-2.3.5/lib/action_controller/benchmarking.rb:51:in `render'
c:/Ruby/lib/ruby/gems/1.8/gems/activesupport-2.3.5/lib/active_support/core_ext/benchmark.rb:17:in `ms'
c:/Ruby/lib/ruby/gems/1.8/gems/activesupport-2.3.5/lib/active_support/core_ext/benchmark.rb:10:in `realtime'
c:/Ruby/lib/ruby/gems/1.8/gems/activesupport-2.3.5/lib/active_support/core_ext/benchmark.rb:17:in `ms'
c:/Ruby/lib/ruby/gems/1.8/gems/actionpack-2.3.5/lib/action_controller/benchmarking.rb:51:in `render'
c:/Ruby/lib/ruby/gems/1.8/gems/actionpack-2.3.5/lib/action_controller/base.rb:1326:in `default_render'
c:/Ruby/lib/ruby/gems/1.8/gems/actionpack-2.3.5/lib/action_controller/base.rb:1332:in `perform_action_without_filters'
c:/Ruby/lib/ruby/gems/1.8/gems/actionpack-2.3.5/lib/action_controller/filters.rb:617:in `call_filters'
c:/Ruby/lib/ruby/gems/1.8/gems/actionpack-2.3.5/lib/action_controller/filters.rb:610:in `perform_action_without_benchmark'
c:/Ruby/lib/ruby/gems/1.8/gems/actionpack-2.3.5/lib/action_controller/benchmarking.rb:68:in `perform_action_without_rescue'
c:/Ruby/lib/ruby/gems/1.8/gems/activesupport-2.3.5/lib/active_support/core_ext/benchmark.rb:17:in `ms'
c:/Ruby/lib/ruby/gems/1.8/gems/activesupport-2.3.5/lib/active_support/core_ext/benchmark.rb:10:in `realtime'
c:/Ruby/lib/ruby/gems/1.8/gems/activesupport-2.3.5/lib/active_support/core_ext/benchmark.rb:17:in `ms'
c:/Ruby/lib/ruby/gems/1.8/gems/actionpack-2.3.5/lib/action_controller/benchmarking.rb:68:in `perform_action_without_rescue'
c:/Ruby/lib/ruby/gems/1.8/gems/actionpack-2.3.5/lib/action_controller/rescue.rb:160:in `perform_action_without_flash'
c:/Ruby/lib/ruby/gems/1.8/gems/actionpack-2.3.5/lib/action_controller/flash.rb:146:in `perform_action'
c:/Ruby/lib/ruby/gems/1.8/gems/actionpack-2.3.5/lib/action_controller/base.rb:532:in `send'
c:/Ruby/lib/ruby/gems/1.8/gems/actionpack-2.3.5/lib/action_controller/base.rb:532:in `process_without_filters'
c:/Ruby/lib/ruby/gems/1.8/gems/actionpack-2.3.5/lib/action_controller/filters.rb:606:in `process'
c:/Ruby/lib/ruby/gems/1.8/gems/actionpack-2.3.5/lib/action_controller/base.rb:391:in `process'
c:/Ruby/lib/ruby/gems/1.8/gems/actionpack-2.3.5/lib/action_controller/base.rb:386:in `call'
c:/Ruby/lib/ruby/gems/1.8/gems/actionpack-2.3.5/lib/action_controller/routing/route_set.rb:437:in `call'
c:/Ruby/lib/ruby/gems/1.8/gems/actionpack-2.3.5/lib/action_controller/dispatcher.rb:87:in `dispatch'
c:/Ruby/lib/ruby/gems/1.8/gems/actionpack-2.3.5/lib/action_controller/dispatcher.rb:121:in `_call'
c:/Ruby/lib/ruby/gems/1.8/gems/actionpack-2.3.5/lib/action_controller/dispatcher.rb:130:in `build_middleware_stack'
c:/Ruby/lib/ruby/gems/1.8/gems/activerecord-2.3.5/lib/active_record/query_cache.rb:29:in `call'
c:/Ruby/lib/ruby/gems/1.8/gems/activerecord-2.3.5/lib/active_record/query_cache.rb:29:in `call'
c:/Ruby/lib/ruby/gems/1.8/gems/activerecord-2.3.5/lib/active_record/connection_adapters/abstract/query_cache.rb:34:in `cache'
c:/Ruby/lib/ruby/gems/1.8/gems/activerecord-2.3.5/lib/active_record/query_cache.rb:9:in `cache'
c:/Ruby/lib/ruby/gems/1.8/gems/activerecord-2.3.5/lib/active_record/query_cache.rb:28:in `call'
c:/Ruby/lib/ruby/gems/1.8/gems/activerecord-2.3.5/lib/active_record/connection_adapters/abstract/connection_pool.rb:361:in `call'
c:/Ruby/lib/ruby/gems/1.8/gems/actionpack-2.3.5/lib/action_controller/string_coercion.rb:25:in `call'
c:/Ruby/lib/ruby/gems/1.8/gems/rack-1.0.1/lib/rack/head.rb:9:in `call'
c:/Ruby/lib/ruby/gems/1.8/gems/rack-1.0.1/lib/rack/methodoverride.rb:24:in `call'
c:/Ruby/lib/ruby/gems/1.8/gems/actionpack-2.3.5/lib/action_controller/params_parser.rb:15:in `call'
c:/Ruby/lib/ruby/gems/1.8/gems/actionpack-2.3.5/lib/action_controller/session/cookie_store.rb:93:in `call'
c:/Ruby/lib/ruby/gems/1.8/gems/actionpack-2.3.5/lib/action_controller/failsafe.rb:26:in `call'
c:/Ruby/lib/ruby/gems/1.8/gems/rack-1.0.1/lib/rack/lock.rb:11:in `call'
c:/Ruby/lib/ruby/gems/1.8/gems/rack-1.0.1/lib/rack/lock.rb:11:in `synchronize'
c:/Ruby/lib/ruby/gems/1.8/gems/rack-1.0.1/lib/rack/lock.rb:11:in `call'
c:/Ruby/lib/ruby/gems/1.8/gems/actionpack-2.3.5/lib/action_controller/dispatcher.rb:114:in `call'
c:/Ruby/lib/ruby/gems/1.8/gems/actionpack-2.3.5/lib/action_controller/reloader.rb:34:in `run'
c:/Ruby/lib/ruby/gems/1.8/gems/actionpack-2.3.5/lib/action_controller/dispatcher.rb:108:in `call'
c:/Ruby/lib/ruby/gems/1.8/gems/rails-2.3.5/lib/rails/rack/static.rb:31:in `call'
c:/Ruby/lib/ruby/gems/1.8/gems/rack-1.0.1/lib/rack/urlmap.rb:46:in `call'
c:/Ruby/lib/ruby/gems/1.8/gems/rack-1.0.1/lib/rack/urlmap.rb:40:in `each'
c:/Ruby/lib/ruby/gems/1.8/gems/rack-1.0.1/lib/rack/urlmap.rb:40:in `call'
c:/Ruby/lib/ruby/gems/1.8/gems/rails-2.3.5/lib/rails/rack/log_tailer.rb:17:in `call'
c:/Ruby/lib/ruby/gems/1.8/gems/rack-1.0.1/lib/rack/content_length.rb:13:in `call'
c:/Ruby/lib/ruby/gems/1.8/gems/rack-1.0.1/lib/rack/handler/webrick.rb:50:in `service'
c:/Ruby/lib/ruby/1.8/webrick/httpserver.rb:104:in `service'
c:/Ruby/lib/ruby/1.8/webrick/httpserver.rb:65:in `run'
c:/Ruby/lib/ruby/1.8/webrick/server.rb:173:in `start_thread'
c:/Ruby/lib/ruby/1.8/webrick/server.rb:162:in `start'
c:/Ruby/lib/ruby/1.8/webrick/server.rb:162:in `start_thread'
c:/Ruby/lib/ruby/1.8/webrick/server.rb:95:in `start'
c:/Ruby/lib/ruby/1.8/webrick/server.rb:92:in `each'
c:/Ruby/lib/ruby/1.8/webrick/server.rb:92:in `start'
c:/Ruby/lib/ruby/1.8/webrick/server.rb:23:in `start'
c:/Ruby/lib/ruby/1.8/webrick/server.rb:82:in `start'
c:/Ruby/lib/ruby/gems/1.8/gems/rack-1.0.1/lib/rack/handler/webrick.rb:14:in `run'
c:/Ruby/lib/ruby/gems/1.8/gems/rails-2.3.5/lib/commands/server.rb:111
c:/Ruby/lib/ruby/site_ruby/1.8/rubygems/custom_require.rb:31:in `gem_original_require'
c:/Ruby/lib/ruby/site_ruby/1.8/rubygems/custom_require.rb:31:in `require'
script/server:3

ActionView::TemplateError (compile error
C:/Users/DOFBI/Documents/www/Simple-Blog/app/views/layouts/main.html.erb:24: syntax error, unexpected '}', expecting ']'
...ss=\"notice\">#{flash[:notice}</div>" if flash[:notice] ).to...
                              ^
C:/Users/DOFBI/Documents/www/Simple-Blog/app/views/layouts/main.html.erb:26: unknown regexp options - dv
C:/Users/DOFBI/Documents/www/Simple-Blog/app/views/layouts/main.html.erb:26: unmatched ): /div>" if flash[:notice] ).to_s); @output_buffer.concat "\n"
@output_buffer.concat "\t\t"; @output_buffer.concat(( yield ).to_s); @output_buffer.concat "\n"
@output_buffer.concat "\t</
C:/Users/DOFBI/Documents/www/Simple-Blog/app/views/layouts/main.html.erb:26: syntax error, unexpected $undefined
@output_buffer.concat "\t</div>\n"
                                ^
C:/Users/DOFBI/Documents/www/Simple-Blog/app/views/layouts/main.html.erb:27: syntax error, unexpected $undefined, expecting '}'
@output_buffer.concat "\t<div id=\"footer\">\n"
                        ^
C:/Users/DOFBI/Documents/www/Simple-Blog/app/views/layouts/main.html.erb:27: syntax error, unexpected tIDENTIFIER, expecting kDO or '{' or '('
@output_buffer.concat "\t<div id=\"footer\">\n"
                                ^
C:/Users/DOFBI/Documents/www/Simple-Blog/app/views/layouts/main.html.erb:33: syntax error, unexpected kENSURE, expecting '}'
C:/Users/DOFBI/Documents/www/Simple-Blog/app/views/layouts/main.html.erb:35: syntax error, unexpected kEND, expecting '}') on line #24 of app/views/layouts/main.html.erb:
21: 		<h1><%= link_to('Simple Blog','/', :style => 'text-decoration:none;color:#FFFFFF;') %></h1>
22: 	</div>
23: 	<div id="pagecontent">
24: 		<%= "<div class=\"notice\">#{flash[:notice}</div>" if flash[:notice] %>
25: 		<%= yield %>
26: 	</div>
27: 	<div id="footer">

    app/views/layouts/main.html.erb:35:in `compile!'
    c:/Ruby/lib/ruby/1.8/webrick/httpserver.rb:104:in `service'
    c:/Ruby/lib/ruby/1.8/webrick/httpserver.rb:65:in `run'
    c:/Ruby/lib/ruby/1.8/webrick/server.rb:173:in `start_thread'
    c:/Ruby/lib/ruby/1.8/webrick/server.rb:162:in `start'
    c:/Ruby/lib/ruby/1.8/webrick/server.rb:162:in `start_thread'
    c:/Ruby/lib/ruby/1.8/webrick/server.rb:95:in `start'
    c:/Ruby/lib/ruby/1.8/webrick/server.rb:92:in `each'
    c:/Ruby/lib/ruby/1.8/webrick/server.rb:92:in `start'
    c:/Ruby/lib/ruby/1.8/webrick/server.rb:23:in `start'
    c:/Ruby/lib/ruby/1.8/webrick/server.rb:82:in `start'

Rendered rescues/_trace (161.0ms)
Rendered rescues/_request_and_response (1.0ms)
Rendering rescues/layout (internal_server_error)


Processing MainController#index (for 127.0.0.1 at 2010-02-27 07:19:08) [GET]
Rendering template within layouts/main
Rendering main/index
Completed in 6956ms (View: 6953, DB: 0) | 200 OK [http://localhost/main]


Processing StaffController#index (for 127.0.0.1 at 2010-02-27 07:19:55) [GET]
Rendering template within layouts/staff
Rendering staff/index
Completed in 18ms (View: 16, DB: 0) | 200 OK [http://localhost/staff]


Processing ApplicationController#index (for 127.0.0.1 at 2010-02-27 07:19:56) [GET]

ActionController::RoutingError (No route matches "/stylesheets/scaffold.css" with {:method=>:get}):
  c:/Ruby/lib/ruby/1.8/webrick/httpserver.rb:104:in `service'
  c:/Ruby/lib/ruby/1.8/webrick/httpserver.rb:65:in `run'
  c:/Ruby/lib/ruby/1.8/webrick/server.rb:173:in `start_thread'
  c:/Ruby/lib/ruby/1.8/webrick/server.rb:162:in `start'
  c:/Ruby/lib/ruby/1.8/webrick/server.rb:162:in `start_thread'
  c:/Ruby/lib/ruby/1.8/webrick/server.rb:95:in `start'
  c:/Ruby/lib/ruby/1.8/webrick/server.rb:92:in `each'
  c:/Ruby/lib/ruby/1.8/webrick/server.rb:92:in `start'
  c:/Ruby/lib/ruby/1.8/webrick/server.rb:23:in `start'
  c:/Ruby/lib/ruby/1.8/webrick/server.rb:82:in `start'

Rendering rescues/layout (not_found)


Processing StaffController#index (for 127.0.0.1 at 2010-02-27 07:34:55) [GET]
Rendering template within layouts/staff
Rendering staff/index
Completed in 15ms (View: 13, DB: 0) | 200 OK [http://localhost/staff]


Processing ApplicationController#index (for 127.0.0.1 at 2010-02-27 07:34:57) [GET]

ActionController::RoutingError (No route matches "/stylesheets/scaffold.css" with {:method=>:get}):
  c:/Ruby/lib/ruby/1.8/webrick/httpserver.rb:104:in `service'
  c:/Ruby/lib/ruby/1.8/webrick/httpserver.rb:65:in `run'
  c:/Ruby/lib/ruby/1.8/webrick/server.rb:173:in `start_thread'
  c:/Ruby/lib/ruby/1.8/webrick/server.rb:162:in `start'
  c:/Ruby/lib/ruby/1.8/webrick/server.rb:162:in `start_thread'
  c:/Ruby/lib/ruby/1.8/webrick/server.rb:95:in `start'
  c:/Ruby/lib/ruby/1.8/webrick/server.rb:92:in `each'
  c:/Ruby/lib/ruby/1.8/webrick/server.rb:92:in `start'
  c:/Ruby/lib/ruby/1.8/webrick/server.rb:23:in `start'
  c:/Ruby/lib/ruby/1.8/webrick/server.rb:82:in `start'

Rendering rescues/layout (not_found)


Processing MainController#index (for 127.0.0.1 at 2010-02-27 07:35:01) [GET]
Rendering template within layouts/application
Rendering main/index
Completed in 20ms (View: 17, DB: 0) | 200 OK [http://localhost/main]


Processing MainController#index (for 127.0.0.1 at 2010-02-27 07:35:03) [GET]
Rendering template within layouts/application
Rendering main/index
Completed in 8ms (View: 5, DB: 0) | 200 OK [http://localhost/main]


Processing StaffController#menu (for 127.0.0.1 at 2010-02-27 07:35:16) [GET]
Rendering template within layouts/staff
Rendering staff/menu
Completed in 23ms (View: 19, DB: 0) | 200 OK [http://localhost/staff/menu]


Processing ApplicationController#index (for 127.0.0.1 at 2010-02-27 07:35:16) [GET]

ActionController::RoutingError (No route matches "/stylesheets/scaffold.css" with {:method=>:get}):
  c:/Ruby/lib/ruby/1.8/webrick/httpserver.rb:104:in `service'
  c:/Ruby/lib/ruby/1.8/webrick/httpserver.rb:65:in `run'
  c:/Ruby/lib/ruby/1.8/webrick/server.rb:173:in `start_thread'
  c:/Ruby/lib/ruby/1.8/webrick/server.rb:162:in `start'
  c:/Ruby/lib/ruby/1.8/webrick/server.rb:162:in `start_thread'
  c:/Ruby/lib/ruby/1.8/webrick/server.rb:95:in `start'
  c:/Ruby/lib/ruby/1.8/webrick/server.rb:92:in `each'
  c:/Ruby/lib/ruby/1.8/webrick/server.rb:92:in `start'
  c:/Ruby/lib/ruby/1.8/webrick/server.rb:23:in `start'
  c:/Ruby/lib/ruby/1.8/webrick/server.rb:82:in `start'

Rendering rescues/layout (not_found)


Processing StaffController#menu (for 127.0.0.1 at 2010-02-27 07:35:57) [GET]
Rendering template within layouts/staff
Rendering staff/menu
Completed in 19ms (View: 16, DB: 0) | 200 OK [http://localhost/staff/menu]


Processing ApplicationController#index (for 127.0.0.1 at 2010-02-27 07:35:58) [GET]

ActionController::RoutingError (No route matches "/stylesheets/scaffold.css" with {:method=>:get}):
  c:/Ruby/lib/ruby/1.8/webrick/httpserver.rb:104:in `service'
  c:/Ruby/lib/ruby/1.8/webrick/httpserver.rb:65:in `run'
  c:/Ruby/lib/ruby/1.8/webrick/server.rb:173:in `start_thread'
  c:/Ruby/lib/ruby/1.8/webrick/server.rb:162:in `start'
  c:/Ruby/lib/ruby/1.8/webrick/server.rb:162:in `start_thread'
  c:/Ruby/lib/ruby/1.8/webrick/server.rb:95:in `start'
  c:/Ruby/lib/ruby/1.8/webrick/server.rb:92:in `each'
  c:/Ruby/lib/ruby/1.8/webrick/server.rb:92:in `start'
  c:/Ruby/lib/ruby/1.8/webrick/server.rb:23:in `start'
  c:/Ruby/lib/ruby/1.8/webrick/server.rb:82:in `start'

Rendering rescues/layout (not_found)


Processing StaffController#menu (for 127.0.0.1 at 2010-02-27 07:35:59) [GET]
Rendering template within layouts/staff
Rendering staff/menu
Completed in 10ms (View: 7, DB: 0) | 200 OK [http://localhost/staff/menu]


Processing ApplicationController#index (for 127.0.0.1 at 2010-02-27 07:36:00) [GET]

ActionController::RoutingError (No route matches "/stylesheets/scaffold.css" with {:method=>:get}):
  c:/Ruby/lib/ruby/1.8/webrick/httpserver.rb:104:in `service'
  c:/Ruby/lib/ruby/1.8/webrick/httpserver.rb:65:in `run'
  c:/Ruby/lib/ruby/1.8/webrick/server.rb:173:in `start_thread'
  c:/Ruby/lib/ruby/1.8/webrick/server.rb:162:in `start'
  c:/Ruby/lib/ruby/1.8/webrick/server.rb:162:in `start_thread'
  c:/Ruby/lib/ruby/1.8/webrick/server.rb:95:in `start'
  c:/Ruby/lib/ruby/1.8/webrick/server.rb:92:in `each'
  c:/Ruby/lib/ruby/1.8/webrick/server.rb:92:in `start'
  c:/Ruby/lib/ruby/1.8/webrick/server.rb:23:in `start'
  c:/Ruby/lib/ruby/1.8/webrick/server.rb:82:in `start'

Rendering rescues/layout (not_found)


Processing StaffController#menu (for 127.0.0.1 at 2010-02-27 07:36:38) [GET]
Rendering template within layouts/staff
Rendering staff/menu
Completed in 10ms (View: 7, DB: 0) | 200 OK [http://localhost/staff/menu]


Processing ApplicationController#index (for 127.0.0.1 at 2010-02-27 07:36:39) [GET]

ActionController::RoutingError (No route matches "/stylesheets/scaffold.css" with {:method=>:get}):
  c:/Ruby/lib/ruby/1.8/webrick/httpserver.rb:104:in `service'
  c:/Ruby/lib/ruby/1.8/webrick/httpserver.rb:65:in `run'
  c:/Ruby/lib/ruby/1.8/webrick/server.rb:173:in `start_thread'
  c:/Ruby/lib/ruby/1.8/webrick/server.rb:162:in `start'
  c:/Ruby/lib/ruby/1.8/webrick/server.rb:162:in `start_thread'
  c:/Ruby/lib/ruby/1.8/webrick/server.rb:95:in `start'
  c:/Ruby/lib/ruby/1.8/webrick/server.rb:92:in `each'
  c:/Ruby/lib/ruby/1.8/webrick/server.rb:92:in `start'
  c:/Ruby/lib/ruby/1.8/webrick/server.rb:23:in `start'
  c:/Ruby/lib/ruby/1.8/webrick/server.rb:82:in `start'

Rendering rescues/layout (not_found)


Processing StaffController#menu (for 127.0.0.1 at 2010-02-27 07:37:01) [GET]
Rendering template within layouts/staff
Rendering staff/menu
Completed in 10ms (View: 8, DB: 0) | 200 OK [http://localhost/staff/menu]


Processing ApplicationController#index (for 127.0.0.1 at 2010-02-27 07:37:02) [GET]

ActionController::RoutingError (No route matches "/stylesheets/scaffold.css" with {:method=>:get}):
  c:/Ruby/lib/ruby/1.8/webrick/httpserver.rb:104:in `service'
  c:/Ruby/lib/ruby/1.8/webrick/httpserver.rb:65:in `run'
  c:/Ruby/lib/ruby/1.8/webrick/server.rb:173:in `start_thread'
  c:/Ruby/lib/ruby/1.8/webrick/server.rb:162:in `start'
  c:/Ruby/lib/ruby/1.8/webrick/server.rb:162:in `start_thread'
  c:/Ruby/lib/ruby/1.8/webrick/server.rb:95:in `start'
  c:/Ruby/lib/ruby/1.8/webrick/server.rb:92:in `each'
  c:/Ruby/lib/ruby/1.8/webrick/server.rb:92:in `start'
  c:/Ruby/lib/ruby/1.8/webrick/server.rb:23:in `start'
  c:/Ruby/lib/ruby/1.8/webrick/server.rb:82:in `start'

Rendering rescues/layout (not_found)


Processing StaffController#menu (for 127.0.0.1 at 2010-02-27 07:39:05) [GET]
Rendering template within layouts/staff
Rendering staff/menu
Completed in 20ms (View: 17, DB: 0) | 200 OK [http://localhost/staff/menu]


Processing StaffController#menu (for 127.0.0.1 at 2010-02-27 07:39:07) [GET]
Rendering template within layouts/staff
Rendering staff/menu
Completed in 10ms (View: 7, DB: 0) | 200 OK [http://localhost/staff/menu]


Processing StaffController#menu (for 127.0.0.1 at 2010-02-27 07:42:04) [GET]
Rendering template within layouts/staff
Rendering staff/menu
Completed in 18ms (View: 16, DB: 0) | 200 OK [http://localhost/staff/menu]


Processing StaffController#menu (for 127.0.0.1 at 2010-02-27 07:42:06) [GET]
Rendering template within layouts/staff
Rendering staff/menu
Completed in 11ms (View: 8, DB: 0) | 200 OK [http://localhost/staff/menu]


Processing StaffController#menu (for 127.0.0.1 at 2010-02-27 07:42:09) [GET]
Rendering template within layouts/staff
Rendering staff/menu
Completed in 11ms (View: 8, DB: 0) | 200 OK [http://localhost/staff/menu]


Processing StaffController#menu (for 127.0.0.1 at 2010-02-27 07:42:20) [GET]
Rendering template within layouts/staff
Rendering staff/menu
Completed in 16ms (View: 11, DB: 0) | 200 OK [http://localhost/staff/menu]


Processing StaffController#menu (for 127.0.0.1 at 2010-02-27 07:42:24) [GET]
Rendering template within layouts/staff
Rendering staff/menu
Completed in 11ms (View: 8, DB: 0) | 200 OK [http://localhost/staff/menu]


Processing StaffController#menu (for 127.0.0.1 at 2010-02-27 07:43:36) [GET]
Rendering template within layouts/staff
Rendering staff/menu
Completed in 20ms (View: 16, DB: 0) | 200 OK [http://localhost/staff/menu]


Processing StaffController#menu (for 127.0.0.1 at 2010-02-27 07:43:39) [GET]
Rendering template within layouts/staff
Rendering staff/menu
Completed in 9ms (View: 7, DB: 0) | 200 OK [http://localhost/staff/menu]


Processing StaffController#menu (for 127.0.0.1 at 2010-02-27 07:43:46) [GET]
Rendering template within layouts/staff
Rendering staff/menu
Completed in 19ms (View: 16, DB: 0) | 200 OK [http://localhost/staff/menu]


Processing StaffController#menu (for 127.0.0.1 at 2010-02-27 07:43:49) [GET]
Rendering template within layouts/staff
Rendering staff/menu
Completed in 11ms (View: 9, DB: 0) | 200 OK [http://localhost/staff/menu]


Processing StaffController#menu (for 127.0.0.1 at 2010-02-27 07:54:07) [GET]
Rendering template within layouts/staff
Rendering staff/menu
Completed in 91ms (View: 88, DB: 0) | 200 OK [http://localhost/staff/menu]


Processing ApplicationController#index (for 127.0.0.1 at 2010-02-27 07:54:14) [GET]

ActionController::RoutingError (No route matches "/staff/www.dofbi.com" with {:method=>:get}):
  c:/Ruby/lib/ruby/1.8/webrick/httpserver.rb:104:in `service'
  c:/Ruby/lib/ruby/1.8/webrick/httpserver.rb:65:in `run'
  c:/Ruby/lib/ruby/1.8/webrick/server.rb:173:in `start_thread'
  c:/Ruby/lib/ruby/1.8/webrick/server.rb:162:in `start'
  c:/Ruby/lib/ruby/1.8/webrick/server.rb:162:in `start_thread'
  c:/Ruby/lib/ruby/1.8/webrick/server.rb:95:in `start'
  c:/Ruby/lib/ruby/1.8/webrick/server.rb:92:in `each'
  c:/Ruby/lib/ruby/1.8/webrick/server.rb:92:in `start'
  c:/Ruby/lib/ruby/1.8/webrick/server.rb:23:in `start'
  c:/Ruby/lib/ruby/1.8/webrick/server.rb:82:in `start'

Rendering rescues/layout (not_found)


Processing ApplicationController#index (for 127.0.0.1 at 2010-02-27 07:54:59) [GET]

ActionController::RoutingError (No route matches "/staff/www.dofbi.com" with {:method=>:get}):
  c:/Ruby/lib/ruby/1.8/webrick/httpserver.rb:104:in `service'
  c:/Ruby/lib/ruby/1.8/webrick/httpserver.rb:65:in `run'
  c:/Ruby/lib/ruby/1.8/webrick/server.rb:173:in `start_thread'
  c:/Ruby/lib/ruby/1.8/webrick/server.rb:162:in `start'
  c:/Ruby/lib/ruby/1.8/webrick/server.rb:162:in `start_thread'
  c:/Ruby/lib/ruby/1.8/webrick/server.rb:95:in `start'
  c:/Ruby/lib/ruby/1.8/webrick/server.rb:92:in `each'
  c:/Ruby/lib/ruby/1.8/webrick/server.rb:92:in `start'
  c:/Ruby/lib/ruby/1.8/webrick/server.rb:23:in `start'
  c:/Ruby/lib/ruby/1.8/webrick/server.rb:82:in `start'

Rendering rescues/layout (not_found)


Processing StaffController#menu (for 127.0.0.1 at 2010-02-27 07:55:00) [GET]
Rendering template within layouts/staff
Rendering staff/menu
Completed in 21ms (View: 19, DB: 0) | 200 OK [http://localhost/staff/menu]


Processing StaffController#menu (for 127.0.0.1 at 2010-02-27 07:55:02) [GET]
Rendering template within layouts/staff
Rendering staff/menu
Completed in 11ms (View: 8, DB: 0) | 200 OK [http://localhost/staff/menu]
